#
# A fatal error has been detected by the Java Runtime Environment:
#
#  EXCEPTION_ACCESS_VIOLATION (0xc0000005) at pc=0x00000000531fb7b0, pid=3220, tid=0x0000000000000c90
#
# JRE version: OpenJDK Runtime Environment (8.0_242-b01) (build 1.8.0_242-release-1644-b01)
# Java VM: OpenJDK 64-Bit Server VM (25.242-b01 mixed mode windows-amd64 compressed oops)
# Problematic frame:
# V  [jvm.dll+0x8b7b0]
#
# Failed to write core dump. Minidumps are not enabled by default on client versions of Windows
#
# If you would like to submit a bug report, please visit:
#   
#

---------------  T H R E A D  ---------------

Current thread (0x0000000002bda000):  GCTaskThread [stack: 0x0000000012940000,0x0000000012a40000] [id=3216]

siginfo: ExceptionCode=0xc0000005, reading address 0x0000000000000090

Registers:
RAX=0x0000000000000000, RBX=0x00000000ff4b0ce0, RCX=0x00000000ff4b0ce0, RDX=0x0000000000000088
RSP=0x0000000012a3f688, RBP=0x00000000120edc27, RSI=0x0000000002cab400, RDI=0x000000008db84d48
R8 =0x0000000002cab400, R9 =0x000000000000002a, R10=0x000000000000000c, R11=0x000000000000000c
R12=0x00000000120ed827, R13=0x00000000ff4b0d38, R14=0x0000000000000000, R15=0x0000000002bd23e0
RIP=0x00000000531fb7b0, EFLAGS=0x0000000000010206

Top of Stack: (sp=0x0000000012a3f688)
0x0000000012a3f688:   00000000535427b2 00000000ff4b0cb0
0x0000000012a3f698:   0000000000000007 0000000002cab400
0x0000000012a3f6a8:   0000000004bd8bd0 00000000ef8c6e60
0x0000000012a3f6b8:   0000000053542efb 0000000092d119a8
0x0000000012a3f6c8:   0000000000000400 0000000000000000
0x0000000012a3f6d8:   0000000002cab400 00000000120ed827
0x0000000012a3f6e8:   0000000053542b20 0000000092d135f4
0x0000000012a3f6f8:   00000000120edc27 0000000002cab400
0x0000000012a3f708:   000000008db84d48 0000000092d135f4
0x0000000012a3f718:   00000000535436c5 00000000fe6252b8
0x0000000012a3f728:   00000000120edc27 0000000002cab400
0x0000000012a3f738:   0000000000000004 0000000002cab400
0x0000000012a3f748:   0000000012a3f6d0 000000008528356c
0x0000000012a3f758:   000000005325fcc7 0000000002cab400
0x0000000012a3f768:   000000005325e3a3 000000008db84d0d
0x0000000012a3f778:   000000008db84d0d 000000008da04ce8 

Instructions: (pc=0x00000000531fb7b0)
0x00000000531fb790:   1c 8f 1d 00 48 8b 9c 24 c0 00 00 00 48 81 c4 b0
0x00000000531fb7a0:   00 00 00 5d c3 cc cc cc cc cc cc cc cc cc cc cc
0x00000000531fb7b0:   44 8b 42 08 4c 8b ca 45 85 c0 7e 0e 41 f6 c0 01
0x00000000531fb7c0:   75 57 41 c1 f8 03 41 8b c0 c3 79 4d 80 3d 7e 97 


Register to memory mapping:

RAX=0x0000000000000000 is an unknown value
RBX=0x00000000ff4b0ce0 is an oop

[error occurred during error reporting (printing register info), id 0xc0000005]

Stack: [0x0000000012940000,0x0000000012a40000],  sp=0x0000000012a3f688,  free space=1021k
Native frames: (J=compiled Java code, j=interpreted, Vv=VM code, C=native code)
V  [jvm.dll+0x8b7b0]


---------------  P R O C E S S  ---------------

Java Threads: ( => current thread )
  0x000000001fa2e000 JavaThread "Cache worker for Java compile cache (D:\Koulu\Mobile project\nokia-hsl\NokiaHslVisualisation\.gradle\6.5\javaCompile)" [_thread_blocked, id=15644, stack(0x0000000023a30000,0x0000000023b30000)]
  0x000000001fa2d800 JavaThread "Cache worker for Java compile cache (C:\Users\matia\.gradle\caches\6.5\javaCompile)" [_thread_blocked, id=10396, stack(0x0000000021b70000,0x0000000021c70000)]
  0x000000001fa2c800 JavaThread "RMI TCP Connection(4)-127.0.0.1" daemon [_thread_in_native, id=15288, stack(0x000000001d280000,0x000000001d380000)]
  0x000000001fa2c000 JavaThread "RMI RenewClean-[127.0.0.1:17419,org.jetbrains.kotlin.daemon.common.LoopbackNetworkInterface$ClientLoopbackSocketFactory@7daeaa92]" daemon [_thread_blocked, id=13880, stack(0x00000000011b0000,0x00000000012b0000)]
  0x000000001fa29800 JavaThread "RMI TCP Connection(idle)" daemon [_thread_blocked, id=2544, stack(0x00000000315e0000,0x00000000316e0000)]
  0x000000001fa28000 JavaThread "RMI Reaper" [_thread_blocked, id=15972, stack(0x00000000314e0000,0x00000000315e0000)]
  0x000000001fa2a800 JavaThread "RMI TCP Accept-0" daemon [_thread_in_native, id=2336, stack(0x00000000313e0000,0x00000000314e0000)]
  0x000000001fa29000 JavaThread "GC Daemon" daemon [_thread_blocked, id=7172, stack(0x00000000312e0000,0x00000000313e0000)]
  0x000000001fa26800 JavaThread "RMI Scheduler(0)" daemon [_thread_blocked, id=4436, stack(0x00000000310e0000,0x00000000311e0000)]
  0x000000001fa26000 JavaThread "WorkerExecutor Queue Thread 6" [_thread_blocked, id=9200, stack(0x000000002ffd0000,0x00000000300d0000)]
  0x000000001dd5c000 JavaThread "WorkerExecutor Queue Thread 5" [_thread_blocked, id=6200, stack(0x000000002fed0000,0x000000002ffd0000)]
  0x000000001dd5a000 JavaThread "stdout" [_thread_in_native, id=16420, stack(0x00000000307e0000,0x00000000308e0000)]
  0x000000001dd5e800 JavaThread "stderr" [_thread_in_native, id=10096, stack(0x00000000302d0000,0x00000000303d0000)]
  0x000000001dd59000 JavaThread "stdout" [_thread_in_native, id=6684, stack(0x00000000306e0000,0x00000000307e0000)]
  0x000000001dd5f000 JavaThread "stderr" [_thread_in_native, id=7732, stack(0x00000000305e0000,0x00000000306e0000)]
  0x000000001dd5b800 JavaThread "stdout" [_thread_in_native, id=2824, stack(0x00000000304e0000,0x00000000305e0000)]
  0x000000001dd5d000 JavaThread "stderr" [_thread_in_native, id=7648, stack(0x00000000303e0000,0x00000000304e0000)]
  0x000000001dd5d800 JavaThread "pool-2-thread-1" [_thread_blocked, id=4444, stack(0x00000000301d0000,0x00000000302d0000)]
  0x000000001dd57800 JavaThread "WorkerExecutor Queue Thread 4" [_thread_blocked, id=3584, stack(0x00000000300d0000,0x00000000301d0000)]
  0x000000001dd56000 JavaThread "WorkerExecutor Queue" [_thread_blocked, id=5816, stack(0x000000002f840000,0x000000002f940000)]
  0x000000001e9b2800 JavaThread "Cache worker for execution history cache (D:\Koulu\Mobile project\nokia-hsl\NokiaHslVisualisation\.gradle\6.5\executionHistory)" [_thread_blocked, id=16776, stack(0x000000002ef40000,0x000000002f040000)]
  0x000000001e9b9000 JavaThread "Execution worker for ':' Thread 3" [_thread_blocked, id=5124, stack(0x000000002ee40000,0x000000002ef40000)]
  0x000000001e9b7800 JavaThread "Execution worker for ':' Thread 2" [_thread_blocked, id=15296, stack(0x000000002ed40000,0x000000002ee40000)]
  0x000000001e9b7000 JavaThread "Execution worker for ':'" [_thread_blocked, id=13900, stack(0x000000002e920000,0x000000002ea20000)]
  0x000000001e9b4000 JavaThread "Cache worker for file content cache (D:\Koulu\Mobile project\nokia-hsl\NokiaHslVisualisation\.gradle\6.5\fileContent)" [_thread_blocked, id=2556, stack(0x000000002ea40000,0x000000002eb40000)]
  0x000000001e9b6000 JavaThread "Memory manager" [_thread_blocked, id=8292, stack(0x000000002e410000,0x000000002e510000)]
  0x000000001e9b3000 JavaThread "pool-1-thread-1" [_thread_blocked, id=8896, stack(0x000000002b370000,0x000000002b470000)]
  0x000000001e9b8800 JavaThread "Cache worker for Build Output Cleanup Cache (D:\Koulu\Mobile project\nokia-hsl\NokiaHslVisualisation\.gradle\buildOutputCleanup)" [_thread_blocked, id=8096, stack(0x000000002ac70000,0x000000002ad70000)]
  0x000000001ddda800 JavaThread "Build operations Thread 4" [_thread_blocked, id=2484, stack(0x0000000022670000,0x0000000022770000)]
  0x000000001dddf800 JavaThread "Build operations Thread 3" [_thread_blocked, id=1436, stack(0x0000000022570000,0x0000000022670000)]
  0x000000001ddd8000 JavaThread "Build operations Thread 2" [_thread_blocked, id=15896, stack(0x0000000022470000,0x0000000022570000)]
  0x000000001dddf000 JavaThread "Build operations" [_thread_blocked, id=12164, stack(0x0000000022370000,0x0000000022470000)]
  0x000000001b76b800 JavaThread "Cache worker for file content cache (C:\Users\matia\.gradle\caches\6.5\fileContent)" [_thread_blocked, id=14956, stack(0x0000000021c70000,0x0000000021d70000)]
  0x000000001b770000 JavaThread "Cache worker for execution history cache (C:\Users\matia\.gradle\caches\6.5\executionHistory)" [_thread_blocked, id=15172, stack(0x0000000021470000,0x0000000021570000)]
  0x000000001b772000 JavaThread "Cache worker for cache directory md-rule (C:\Users\matia\.gradle\caches\6.5\md-rule)" [_thread_blocked, id=14400, stack(0x0000000021370000,0x0000000021470000)]
  0x000000001b76f000 JavaThread "Cache worker for cache directory md-supplier (C:\Users\matia\.gradle\caches\6.5\md-supplier)" [_thread_blocked, id=7508, stack(0x0000000021270000,0x0000000021370000)]
  0x000000001b771800 JavaThread "Cache worker for checksums cache (D:\Koulu\Mobile project\nokia-hsl\NokiaHslVisualisation\.gradle\checksums)" [_thread_blocked, id=480, stack(0x0000000020f90000,0x0000000021090000)]
  0x000000001b76e800 JavaThread "Cache worker for file hash cache (D:\Koulu\Mobile project\nokia-hsl\NokiaHslVisualisation\.gradle\6.5\fileHashes)" [_thread_blocked, id=696, stack(0x0000000021170000,0x0000000021270000)]
  0x000000001b76d800 JavaThread "Cache worker for file hash cache (C:\Users\matia\.gradle\caches\6.5\fileHashes)" [_thread_blocked, id=9492, stack(0x000000001d880000,0x000000001d980000)]
  0x000000001b76c000 JavaThread "File lock request listener" [_thread_in_native, id=5472, stack(0x000000001d780000,0x000000001d880000)]
  0x000000001b5c1000 JavaThread "Cache worker for journal cache (C:\Users\matia\.gradle\caches\journal-1)" [_thread_blocked, id=876, stack(0x000000001d680000,0x000000001d780000)]
  0x000000001b532000 JavaThread "Thread-9" [_thread_blocked, id=11000, stack(0x000000001d380000,0x000000001d480000)]
  0x000000001b518800 JavaThread "Asynchronous log dispatcher for DefaultDaemonConnection: socket connection from /127.0.0.1:52186 to /127.0.0.1:52187" [_thread_blocked, id=10380, stack(0x000000001d180000,0x000000001d280000)]
  0x000000001b516000 JavaThread "Daemon worker" [_thread_blocked, id=10456, stack(0x000000001d080000,0x000000001d180000)]
  0x000000001ad56000 JavaThread "Cancel handler" [_thread_blocked, id=9228, stack(0x000000001cf80000,0x000000001d080000)]
  0x000000001a3b4000 JavaThread "Handler for socket connection from /127.0.0.1:52186 to /127.0.0.1:52187" [_thread_in_native, id=15148, stack(0x000000001ce80000,0x000000001cf80000)]
  0x000000001b50f800 JavaThread "Daemon" [_thread_blocked, id=2360, stack(0x000000001cb80000,0x000000001cc80000)]
  0x000000001b488000 JavaThread "Daemon periodic checks" [_thread_blocked, id=11260, stack(0x000000001ca80000,0x000000001cb80000)]
  0x000000001b487000 JavaThread "Incoming local TCP Connector on port 52186" [_thread_in_native, id=1424, stack(0x000000001c840000,0x000000001c940000)]
  0x000000001a16e800 JavaThread "Daemon health stats" [_thread_blocked, id=2404, stack(0x000000001c200000,0x000000001c300000)]
  0x0000000019298800 JavaThread "Service Thread" daemon [_thread_blocked, id=11108, stack(0x0000000019660000,0x0000000019760000)]
  0x00000000178fa000 JavaThread "C1 CompilerThread2" daemon [_thread_blocked, id=12296, stack(0x0000000019160000,0x0000000019260000)]
  0x00000000178f4000 JavaThread "C2 CompilerThread1" daemon [_thread_blocked, id=1620, stack(0x0000000019060000,0x0000000019160000)]
  0x00000000178e5800 JavaThread "C2 CompilerThread0" daemon [_thread_blocked, id=15012, stack(0x0000000018f60000,0x0000000019060000)]
  0x00000000178e4000 JavaThread "Attach Listener" daemon [_thread_blocked, id=14948, stack(0x0000000018e60000,0x0000000018f60000)]
  0x00000000178e0800 JavaThread "Signal Dispatcher" daemon [_thread_blocked, id=6640, stack(0x0000000018d60000,0x0000000018e60000)]
  0x0000000002cb9800 JavaThread "Finalizer" daemon [_thread_blocked, id=5028, stack(0x0000000018b60000,0x0000000018c60000)]
  0x0000000002cb1000 JavaThread "Reference Handler" daemon [_thread_blocked, id=5648, stack(0x0000000018a60000,0x0000000018b60000)]
  0x0000000000dfd800 JavaThread "main" [_thread_blocked, id=9056, stack(0x0000000002a50000,0x0000000002b50000)]

Other Threads:
  0x00000000178a6000 VMThread [stack: 0x0000000018960000,0x0000000018a60000] [id=3356]
  0x00000000192a9800 WatcherThread [stack: 0x0000000019760000,0x0000000019860000] [id=6868]

=>0x0000000002bda000 (exited) GCTaskThread [stack: 0x0000000012940000,0x0000000012a40000] [id=3216]

VM state:at safepoint (normal execution)

VM Mutex/Monitor currently owned by a thread:  ([mutex/lock_event])
[0x0000000000dfc3f0] Threads_lock - owner thread: 0x00000000178a6000
[0x0000000000dfc6f0] Heap_lock - owner thread: 0x000000001dd56000

heap address: 0x0000000080000000, size: 2048 MB, Compressed Oops mode: 32-bit
Narrow klass base: 0x0000000000000000, Narrow klass shift: 3
Compressed class space size: 1073741824 Address: 0x0000000100000000

Heap:
 PSYoungGen      total 523264K, used 523256K [0x00000000d5580000, 0x0000000100000000, 0x0000000100000000)
  eden space 399872K, 100% used [0x00000000d5580000,0x00000000edc00000,0x00000000edc00000)
  from space 123392K, 99% used [0x00000000f8780000,0x00000000ffffe0e8,0x0000000100000000)
  to   space 149504K, 25% used [0x00000000edc00000,0x00000000f00bd7e0,0x00000000f6e00000)
 ParOldGen       total 334336K, used 314007K [0x0000000080000000, 0x0000000094680000, 0x00000000d5580000)
  object space 334336K, 93% used [0x0000000080000000,0x00000000932a5eb0,0x0000000094680000)
 Metaspace       used 120885K, capacity 125950K, committed 126104K, reserved 1159168K
  class space    used 15433K, capacity 16440K, committed 16560K, reserved 1048576K

Card table byte_map: [0x0000000012080000,0x0000000012490000] byte_map_base: 0x0000000011c80000

Marking Bits: (ParMarkBitMap*) 0x000000005393f030
 Begin Bits: [0x0000000012b40000, 0x0000000014b40000)
 End Bits:   [0x0000000014b40000, 0x0000000016b40000)

Polling page: 0x0000000000e90000

CodeCache: size=245760Kb used=61009Kb max_used=61022Kb free=184750Kb
 bounds [0x0000000002cc0000, 0x00000000068a0000, 0x0000000011cc0000]
 total_blobs=18801 nmethods=17818 adapters=894
 compilation: enabled

Compilation events (10 events):
Event: 104.427 Thread 0x00000000178fa000 21863   !   3       sun.misc.ExtensionDependency::checkExtensionsDependencies (32 bytes)
Event: 104.427 Thread 0x00000000178fa000 nmethod 21863 0x0000000006896850 code [0x00000000068969e0, 0x0000000006896df8]
Event: 104.427 Thread 0x00000000178fa000 21864       3       java.util.jar.JarFile::checkForSpecialAttributes (58 bytes)
Event: 104.428 Thread 0x00000000178fa000 nmethod 21864 0x0000000006896290 code [0x0000000006896420, 0x0000000006896778]
Event: 104.428 Thread 0x00000000178e5800 21865       4       java.io.File::exists (43 bytes)
Event: 104.431 Thread 0x00000000178e5800 nmethod 21865 0x000000000689ca90 code [0x000000000689cbe0, 0x000000000689cde8]
Event: 104.445 Thread 0x00000000178fa000 21866   !   3       java.io.ObjectInputStream$BlockDataInputStream::refill (136 bytes)
Event: 104.445 Thread 0x00000000178f4000 21867       4       java.io.ObjectInputStream::readObject (7 bytes)
Event: 104.445 Thread 0x00000000178fa000 nmethod 21866 0x000000000689c0d0 code [0x000000000689c280, 0x000000000689c7e8]
Event: 104.450 Thread 0x00000000178f4000 nmethod 21867 0x0000000006899e50 code [0x0000000006899fe0, 0x000000000689a448]

GC Heap History (10 events):
Event: 60.993 GC heap after
Heap after GC invocations=20 (full 3):
 PSYoungGen      total 403968K, used 28172K [0x00000000d5580000, 0x00000000f4600000, 0x0000000100000000)
  eden space 351232K, 0% used [0x00000000d5580000,0x00000000d5580000,0x00000000eac80000)
  from space 52736K, 53% used [0x00000000eac80000,0x00000000ec803310,0x00000000ee000000)
  to   space 51712K, 0% used [0x00000000f1380000,0x00000000f1380000,0x00000000f4600000)
 ParOldGen       total 208896K, used 102774K [0x0000000080000000, 0x000000008cc00000, 0x00000000d5580000)
  object space 208896K, 49% used [0x0000000080000000,0x000000008645db40,0x000000008cc00000)
 Metaspace       used 94525K, capacity 98424K, committed 98600K, reserved 1134592K
  class space    used 12298K, capacity 13110K, committed 13232K, reserved 1048576K
}
Event: 60.993 GC heap before
{Heap before GC invocations=21 (full 4):
 PSYoungGen      total 403968K, used 28172K [0x00000000d5580000, 0x00000000f4600000, 0x0000000100000000)
  eden space 351232K, 0% used [0x00000000d5580000,0x00000000d5580000,0x00000000eac80000)
  from space 52736K, 53% used [0x00000000eac80000,0x00000000ec803310,0x00000000ee000000)
  to   space 51712K, 0% used [0x00000000f1380000,0x00000000f1380000,0x00000000f4600000)
 ParOldGen       total 208896K, used 102774K [0x0000000080000000, 0x000000008cc00000, 0x00000000d5580000)
  object space 208896K, 49% used [0x0000000080000000,0x000000008645db40,0x000000008cc00000)
 Metaspace       used 94525K, capacity 98424K, committed 98600K, reserved 1134592K
  class space    used 12298K, capacity 13110K, committed 13232K, reserved 1048576K
Event: 61.257 GC heap after
Heap after GC invocations=21 (full 4):
 PSYoungGen      total 403968K, used 0K [0x00000000d5580000, 0x00000000f4600000, 0x0000000100000000)
  eden space 351232K, 0% used [0x00000000d5580000,0x00000000d5580000,0x00000000eac80000)
  from space 52736K, 0% used [0x00000000eac80000,0x00000000eac80000,0x00000000ee000000)
  to   space 51712K, 0% used [0x00000000f1380000,0x00000000f1380000,0x00000000f4600000)
 ParOldGen       total 334336K, used 85587K [0x0000000080000000, 0x0000000094680000, 0x00000000d5580000)
  object space 334336K, 25% used [0x0000000080000000,0x0000000085394e58,0x0000000094680000)
 Metaspace       used 94512K, capacity 98390K, committed 98600K, reserved 1134592K
  class space    used 12294K, capacity 13103K, committed 13232K, reserved 1048576K
}
Event: 64.795 GC heap before
{Heap before GC invocations=22 (full 4):
 PSYoungGen      total 403968K, used 351232K [0x00000000d5580000, 0x00000000f4600000, 0x0000000100000000)
  eden space 351232K, 100% used [0x00000000d5580000,0x00000000eac80000,0x00000000eac80000)
  from space 52736K, 0% used [0x00000000eac80000,0x00000000eac80000,0x00000000ee000000)
  to   space 51712K, 0% used [0x00000000f1380000,0x00000000f1380000,0x00000000f4600000)
 ParOldGen       total 334336K, used 85587K [0x0000000080000000, 0x0000000094680000, 0x00000000d5580000)
  object space 334336K, 25% used [0x0000000080000000,0x0000000085394e58,0x0000000094680000)
 Metaspace       used 113454K, capacity 118090K, committed 118296K, reserved 1153024K
  class space    used 14607K, capacity 15561K, committed 15664K, reserved 1048576K
Event: 64.861 GC heap after
Heap after GC invocations=22 (full 4):
 PSYoungGen      total 430080K, used 51690K [0x00000000d5580000, 0x00000000f8300000, 0x0000000100000000)
  eden space 378368K, 0% used [0x00000000d5580000,0x00000000d5580000,0x00000000ec700000)
  from space 51712K, 99% used [0x00000000f1380000,0x00000000f45fa9d8,0x00000000f4600000)
  to   space 78336K, 0% used [0x00000000ec700000,0x00000000ec700000,0x00000000f1380000)
 ParOldGen       total 334336K, used 136345K [0x0000000080000000, 0x0000000094680000, 0x00000000d5580000)
  object space 334336K, 40% used [0x0000000080000000,0x0000000088526468,0x0000000094680000)
 Metaspace       used 113454K, capacity 118090K, committed 118296K, reserved 1153024K
  class space    used 14607K, capacity 15561K, committed 15664K, reserved 1048576K
}
Event: 66.671 GC heap before
{Heap before GC invocations=23 (full 4):
 PSYoungGen      total 430080K, used 430058K [0x00000000d5580000, 0x00000000f8300000, 0x0000000100000000)
  eden space 378368K, 100% used [0x00000000d5580000,0x00000000ec700000,0x00000000ec700000)
  from space 51712K, 99% used [0x00000000f1380000,0x00000000f45fa9d8,0x00000000f4600000)
  to   space 78336K, 0% used [0x00000000ec700000,0x00000000ec700000,0x00000000f1380000)
 ParOldGen       total 334336K, used 136345K [0x0000000080000000, 0x0000000094680000, 0x00000000d5580000)
  object space 334336K, 40% used [0x0000000080000000,0x0000000088526468,0x0000000094680000)
 Metaspace       used 117451K, capacity 122204K, committed 122392K, reserved 1155072K
  class space    used 15120K, capacity 16068K, committed 16176K, reserved 1048576K
Event: 66.895 GC heap after
Heap after GC invocations=23 (full 4):
 PSYoungGen      total 456704K, used 78327K [0x00000000d5580000, 0x0000000100000000, 0x0000000100000000)
  eden space 378368K, 0% used [0x00000000d5580000,0x00000000d5580000,0x00000000ec700000)
  from space 78336K, 99% used [0x00000000ec700000,0x00000000f137dc70,0x00000000f1380000)
  to   space 123392K, 0% used [0x00000000f8780000,0x00000000f8780000,0x0000000100000000)
 ParOldGen       total 334336K, used 223243K [0x0000000080000000, 0x0000000094680000, 0x00000000d5580000)
  object space 334336K, 66% used [0x0000000080000000,0x000000008da02d18,0x0000000094680000)
 Metaspace       used 117451K, capacity 122204K, committed 122392K, reserved 1155072K
  class space    used 15120K, capacity 16068K, committed 16176K, reserved 1048576K
}
Event: 69.493 GC heap before
{Heap before GC invocations=24 (full 4):
 PSYoungGen      total 456704K, used 456695K [0x00000000d5580000, 0x0000000100000000, 0x0000000100000000)
  eden space 378368K, 100% used [0x00000000d5580000,0x00000000ec700000,0x00000000ec700000)
  from space 78336K, 99% used [0x00000000ec700000,0x00000000f137dc70,0x00000000f1380000)
  to   space 123392K, 0% used [0x00000000f8780000,0x00000000f8780000,0x0000000100000000)
 ParOldGen       total 334336K, used 223243K [0x0000000080000000, 0x0000000094680000, 0x00000000d5580000)
  object space 334336K, 66% used [0x0000000080000000,0x000000008da02d18,0x0000000094680000)
 Metaspace       used 117870K, capacity 122592K, committed 122904K, reserved 1157120K
  class space    used 15131K, capacity 16078K, committed 16176K, reserved 1048576K
Event: 69.629 GC heap after
Heap after GC invocations=24 (full 4):
 PSYoungGen      total 523264K, used 123384K [0x00000000d5580000, 0x0000000100000000, 0x0000000100000000)
  eden space 399872K, 0% used [0x00000000d5580000,0x00000000d5580000,0x00000000edc00000)
  from space 123392K, 99% used [0x00000000f8780000,0x00000000ffffe0e8,0x0000000100000000)
  to   space 149504K, 0% used [0x00000000edc00000,0x00000000edc00000,0x00000000f6e00000)
 ParOldGen       total 334336K, used 236483K [0x0000000080000000, 0x0000000094680000, 0x00000000d5580000)
  object space 334336K, 70% used [0x0000000080000000,0x000000008e6f0c68,0x0000000094680000)
 Metaspace       used 117870K, capacity 122592K, committed 122904K, reserved 1157120K
  class space    used 15131K, capacity 16078K, committed 16176K, reserved 1048576K
}
Event: 104.460 GC heap before
{Heap before GC invocations=25 (full 4):
 PSYoungGen      total 523264K, used 523256K [0x00000000d5580000, 0x0000000100000000, 0x0000000100000000)
  eden space 399872K, 100% used [0x00000000d5580000,0x00000000edc00000,0x00000000edc00000)
  from space 123392K, 99% used [0x00000000f8780000,0x00000000ffffe0e8,0x0000000100000000)
  to   space 149504K, 0% used [0x00000000edc00000,0x00000000edc00000,0x00000000f6e00000)
 ParOldGen       total 334336K, used 236483K [0x0000000080000000, 0x0000000094680000, 0x00000000d5580000)
  object space 334336K, 70% used [0x0000000080000000,0x000000008e6f0c90,0x0000000094680000)
 Metaspace       used 120885K, capacity 125950K, committed 126104K, reserved 1159168K
  class space    used 15433K, capacity 16440K, committed 16560K, reserved 1048576K

Deoptimization events (10 events):
Event: 103.624 Thread 0x000000001dd57800 Uncommon trap: reason=bimorphic action=maybe_recompile pc=0x00000000052f8e88 method=java.io.ObjectInputStream$PeekInputStream.peek()I @ 17
Event: 103.624 Thread 0x000000001dd57800 Uncommon trap: reason=bimorphic action=maybe_recompile pc=0x00000000067f439c method=java.io.ObjectInputStream$PeekInputStream.peek()I @ 17
Event: 103.647 Thread 0x000000001dd57800 Uncommon trap: reason=unstable_if action=reinterpret pc=0x000000000519fed0 method=com.android.tools.build.apkzlib.zip.CentralDirectory.readEntry(Ljava/nio/ByteBuffer;Lcom/android/tools/build/apkzlib/bytestorage/ByteStorage;)V @ 133
Event: 103.647 Thread 0x000000001dd57800 Uncommon trap: reason=unstable_if action=reinterpret pc=0x00000000051baacc method=com.android.tools.build.apkzlib.zip.StoredEntry.readLocalHeader()V @ 103
Event: 103.650 Thread 0x000000001dd57800 Uncommon trap: reason=class_check action=maybe_recompile pc=0x0000000005375854 method=com.google.common.collect.Iterables.castOrCopyToCollection(Ljava/lang/Iterable;)Ljava/util/Collection; @ 1
Event: 103.687 Thread 0x000000001dd57800 Uncommon trap: reason=class_check action=maybe_recompile pc=0x0000000005375854 method=com.google.common.collect.Iterables.castOrCopyToCollection(Ljava/lang/Iterable;)Ljava/util/Collection; @ 1
Event: 103.699 Thread 0x000000001dd57800 Uncommon trap: reason=class_check action=maybe_recompile pc=0x0000000005375854 method=com.google.common.collect.Iterables.castOrCopyToCollection(Ljava/lang/Iterable;)Ljava/util/Collection; @ 1
Event: 103.721 Thread 0x000000001dd57800 Uncommon trap: reason=class_check action=maybe_recompile pc=0x0000000005375854 method=com.google.common.collect.Iterables.castOrCopyToCollection(Ljava/lang/Iterable;)Ljava/util/Collection; @ 1
Event: 103.723 Thread 0x000000001dd57800 Uncommon trap: reason=class_check action=maybe_recompile pc=0x00000000052aa5e4 method=com.google.common.collect.Iterables.castOrCopyToCollection(Ljava/lang/Iterable;)Ljava/util/Collection; @ 1
Event: 104.393 Thread 0x000000001dd5c000 Uncommon trap: reason=predicate action=maybe_recompile pc=0x00000000061b9e1c method=java.util.TimSort.reverseRange([Ljava/lang/Object;II)V @ 8

Classes redefined (0 events):
No events

Internal exceptions (10 events):
Event: 104.436 Thread 0x000000001dd56000 Exception <a 'java/security/PrivilegedActionException'> (0x00000000e05b2b28) thrown at [C:\src\AOSP-openjdk-git\hotspot\src\share\vm\prims\jvm.cpp, line 1502]
Event: 104.436 Thread 0x000000001dd56000 Exception <a 'java/security/PrivilegedActionException'> (0x00000000e05b3108) thrown at [C:\src\AOSP-openjdk-git\hotspot\src\share\vm\prims\jvm.cpp, line 1502]
Event: 104.436 Thread 0x000000001dd56000 Exception <a 'java/security/PrivilegedActionException'> (0x00000000e05b5368) thrown at [C:\src\AOSP-openjdk-git\hotspot\src\share\vm\prims\jvm.cpp, line 1502]
Event: 104.436 Thread 0x000000001dd56000 Exception <a 'java/security/PrivilegedActionException'> (0x00000000e05b5948) thrown at [C:\src\AOSP-openjdk-git\hotspot\src\share\vm\prims\jvm.cpp, line 1502]
Event: 104.437 Thread 0x000000001dd56000 Exception <a 'java/security/PrivilegedActionException'> (0x00000000e05b7cb8) thrown at [C:\src\AOSP-openjdk-git\hotspot\src\share\vm\prims\jvm.cpp, line 1502]
Event: 104.437 Thread 0x000000001dd56000 Exception <a 'java/security/PrivilegedActionException'> (0x00000000e05b8298) thrown at [C:\src\AOSP-openjdk-git\hotspot\src\share\vm\prims\jvm.cpp, line 1502]
Event: 104.437 Thread 0x000000001dd56000 Exception <a 'java/security/PrivilegedActionException'> (0x00000000e05ba370) thrown at [C:\src\AOSP-openjdk-git\hotspot\src\share\vm\prims\jvm.cpp, line 1502]
Event: 104.437 Thread 0x000000001dd56000 Exception <a 'java/security/PrivilegedActionException'> (0x00000000e05ba950) thrown at [C:\src\AOSP-openjdk-git\hotspot\src\share\vm\prims\jvm.cpp, line 1502]
Event: 104.459 Thread 0x000000001dd5c000 Exception <a 'java/security/PrivilegedActionException'> (0x00000000eda8a930) thrown at [C:\src\AOSP-openjdk-git\hotspot\src\share\vm\prims\jvm.cpp, line 1502]
Event: 104.459 Thread 0x000000001dd5c000 Exception <a 'java/security/PrivilegedActionException'> (0x00000000eda8af10) thrown at [C:\src\AOSP-openjdk-git\hotspot\src\share\vm\prims\jvm.cpp, line 1502]

Events (10 events):
Event: 104.454 loading class com/android/ide/common/workers/ProfileMBean done
Event: 104.455 loading class com/google/wireless/android/sdk/stats/GradleBuildProfileSpan$Builder
Event: 104.455 loading class com/google/wireless/android/sdk/stats/GradleBuildProfileSpan$Builder done
Event: 104.455 loading class com/google/common/collect/RegularImmutableAsList
Event: 104.455 loading class com/google/common/collect/RegularImmutableAsList done
Event: 104.456 loading class com/google/common/collect/ImmutableAsList
Event: 104.456 loading class com/google/common/collect/ImmutableAsList done
Event: 104.459 Executing VM operation: ParallelGCFailedAllocation
Event: 104.459 Executing VM operation: ParallelGCFailedAllocation done
Event: 104.459 Executing VM operation: ParallelGCSystemGC


Dynamic libraries:
0x00007ff6798e0000 - 0x00007ff679911000 	D:\Ohjelmat\Android Studio\jre\bin\java.exe
0x00007fffecb30000 - 0x00007fffecd25000 	C:\WINDOWS\SYSTEM32\ntdll.dll
0x00007fffebbb0000 - 0x00007fffebc6d000 	C:\WINDOWS\System32\KERNEL32.DLL
0x00007fffea3d0000 - 0x00007fffea698000 	C:\WINDOWS\System32\KERNELBASE.dll
0x00007fffec290000 - 0x00007fffec33c000 	C:\WINDOWS\System32\ADVAPI32.dll
0x00007fffeb4c0000 - 0x00007fffeb55e000 	C:\WINDOWS\System32\msvcrt.dll
0x00007fffeca50000 - 0x00007fffecaeb000 	C:\WINDOWS\System32\sechost.dll
0x00007fffec6d0000 - 0x00007fffec7fb000 	C:\WINDOWS\System32\RPCRT4.dll
0x00007fffec8b0000 - 0x00007fffeca50000 	C:\WINDOWS\System32\USER32.dll
0x00007fffeab60000 - 0x00007fffeab82000 	C:\WINDOWS\System32\win32u.dll
0x00007fffec340000 - 0x00007fffec36a000 	C:\WINDOWS\System32\GDI32.dll
0x00007fffea8d0000 - 0x00007fffea9db000 	C:\WINDOWS\System32\gdi32full.dll
0x00007fffea6a0000 - 0x00007fffea73d000 	C:\WINDOWS\System32\msvcp_win.dll
0x00007fffea9e0000 - 0x00007fffeaae0000 	C:\WINDOWS\System32\ucrtbase.dll
0x00007fffd2fe0000 - 0x00007fffd327a000 	C:\WINDOWS\WinSxS\amd64_microsoft.windows.common-controls_6595b64144ccf1df_6.0.19041.844_none_ca00b6081b84eb1d\COMCTL32.dll
0x00007fffeb7c0000 - 0x00007fffeb7f0000 	C:\WINDOWS\System32\IMM32.DLL
0x0000000052fb0000 - 0x0000000053082000 	D:\Ohjelmat\Android Studio\jre\jre\bin\msvcr100.dll
0x0000000053170000 - 0x00000000539bb000 	D:\Ohjelmat\Android Studio\jre\jre\bin\server\jvm.dll
0x00007fffebce0000 - 0x00007fffebce8000 	C:\WINDOWS\System32\PSAPI.DLL
0x00007fffdf980000 - 0x00007fffdf98a000 	C:\WINDOWS\SYSTEM32\VERSION.dll
0x00007fffddd10000 - 0x00007fffddd37000 	C:\WINDOWS\SYSTEM32\WINMM.dll
0x00007fffdaf30000 - 0x00007fffdaf39000 	C:\WINDOWS\SYSTEM32\WSOCK32.dll
0x00007fffebc70000 - 0x00007fffebcdb000 	C:\WINDOWS\System32\WS2_32.dll
0x00007fffd2d90000 - 0x00007fffd2d9f000 	D:\Ohjelmat\Android Studio\jre\jre\bin\verify.dll
0x00007fffd2d60000 - 0x00007fffd2d89000 	D:\Ohjelmat\Android Studio\jre\jre\bin\java.dll
0x00007fffd0ca0000 - 0x00007fffd0cb6000 	D:\Ohjelmat\Android Studio\jre\jre\bin\zip.dll
0x00007fffeac10000 - 0x00007fffeb352000 	C:\WINDOWS\System32\SHELL32.dll
0x00007fffe8390000 - 0x00007fffe8b21000 	C:\WINDOWS\SYSTEM32\windows.storage.dll
0x00007fffec370000 - 0x00007fffec6c5000 	C:\WINDOWS\System32\combase.dll
0x00007fffe9c10000 - 0x00007fffe9c3c000 	C:\WINDOWS\SYSTEM32\Wldp.dll
0x00007fffeb410000 - 0x00007fffeb4be000 	C:\WINDOWS\System32\SHCORE.dll
0x00007fffeb850000 - 0x00007fffeb8a5000 	C:\WINDOWS\System32\shlwapi.dll
0x00007fffea1b0000 - 0x00007fffea1cf000 	C:\WINDOWS\SYSTEM32\profapi.dll
0x00007fffd0c80000 - 0x00007fffd0c9a000 	D:\Ohjelmat\Android Studio\jre\jre\bin\net.dll
0x00007fffe99f0000 - 0x00007fffe9a5a000 	C:\WINDOWS\system32\mswsock.dll
0x00007fffd0bc0000 - 0x00007fffd0bd3000 	D:\Ohjelmat\Android Studio\jre\jre\bin\nio.dll
0x00007fffe44e0000 - 0x00007fffe4507000 	C:\Users\matia\.gradle\native\f6784746aeab05261644944871eae4fe03e0ef1612fff0a4a95f87b438bc6780\windows-amd64\native-platform.dll
0x00007fffd0c70000 - 0x00007fffd0c7d000 	D:\Ohjelmat\Android Studio\jre\jre\bin\management.dll
0x00007fffe9f40000 - 0x00007fffe9f58000 	C:\WINDOWS\SYSTEM32\CRYPTSP.dll
0x00007fffe9340000 - 0x00007fffe9374000 	C:\WINDOWS\system32\rsaenh.dll
0x00007fffea7a0000 - 0x00007fffea7c7000 	C:\WINDOWS\System32\bcrypt.dll
0x00007fffea130000 - 0x00007fffea15e000 	C:\WINDOWS\SYSTEM32\USERENV.dll
0x00007fffeaae0000 - 0x00007fffeab60000 	C:\WINDOWS\System32\bcryptprimitives.dll
0x00007fffe9b70000 - 0x00007fffe9b7c000 	C:\WINDOWS\SYSTEM32\CRYPTBASE.dll
0x00007fffe96b0000 - 0x00007fffe96eb000 	C:\WINDOWS\SYSTEM32\IPHLPAPI.DLL
0x00007fffeba60000 - 0x00007fffeba68000 	C:\WINDOWS\System32\NSI.dll
0x00007fffe1bb0000 - 0x00007fffe1bc7000 	C:\WINDOWS\SYSTEM32\dhcpcsvc6.DLL
0x00007fffe1b30000 - 0x00007fffe1b4d000 	C:\WINDOWS\SYSTEM32\dhcpcsvc.DLL
0x00007fffe9700000 - 0x00007fffe97cc000 	C:\WINDOWS\SYSTEM32\DNSAPI.dll
0x00007fffe39a0000 - 0x00007fffe39ab000 	C:\WINDOWS\SYSTEM32\WINNSI.DLL
0x00007fffc0c60000 - 0x00007fffc0c84000 	D:\Ohjelmat\Android Studio\jre\jre\bin\sunec.dll
0x00007fffdabb0000 - 0x00007fffdabba000 	C:\Windows\System32\rasadhlp.dll
0x00007fffe0340000 - 0x00007fffe03bf000 	C:\WINDOWS\System32\fwpuclnt.dll
0x00007fffd0c00000 - 0x00007fffd0c0b000 	D:\Ohjelmat\Android Studio\jre\jre\bin\sunmscapi.dll
0x00007fffea270000 - 0x00007fffea3cf000 	C:\WINDOWS\System32\CRYPT32.dll
0x00007fffe8f70000 - 0x00007fffe8fa3000 	C:\WINDOWS\SYSTEM32\ntmarta.dll
0x00007fffe4460000 - 0x00007fffe447e000 	C:\Users\matia\AppData\Local\Temp\native-platform7593110138726482667dir\native-platform.dll
0x0000000066e00000 - 0x0000000066f03000 	C:\Users\matia\AppData\Local\Temp\sqlite-3.25.2-89a02902-7eb5-4fd8-82b8-b410881660cc-sqlitejdbc.dll
0x00007fffcdfe0000 - 0x00007fffce1c4000 	C:\WINDOWS\SYSTEM32\dbghelp.dll

VM Arguments:
jvm_args: -Xmx2048m -Dfile.encoding=UTF-8 -Duser.country=GB -Duser.language=en -Duser.variant 
java_command: org.gradle.launcher.daemon.bootstrap.GradleDaemon 6.5
java_class_path (initial): C:\Users\matia\.gradle\wrapper\dists\gradle-6.5-all\2oz4ud9k3tuxjg84bbf55q0tn\gradle-6.5\lib\gradle-launcher-6.5.jar
Launcher Type: SUN_STANDARD

Environment Variables:
PATH=C:\Program Files\Docker\Docker\Resources\bin;C:\Python39\Scripts\;C:\Python39\;C:\WINDOWS\system32;C:\WINDOWS;C:\WINDOWS\System32\Wbem;C:\WINDOWS\System32\WindowsPowerShell\v1.0\;C:\WINDOWS\System32\OpenSSH\;C:\Program Files\NVIDIA Corporation\NVIDIA NvDLISR;D:\Ohjelmat\Git\cmd;C:\Program Files (x86)\NVIDIA Corporation\PhysX\Common;D:\Ohjelmat\Node\;C:\ProgramData\chocolatey\bin;C:\Users\matia\AppData\Local\Microsoft\WindowsApps;C:\Users\matia\AppData\Local\GitHubDesktop\bin;D:\Ohjelmat\Microsoft VS Code\bin;C:\Users\matia\AppData\Roaming\npm
USERNAME=matia
OS=Windows_NT
PROCESSOR_IDENTIFIER=Intel64 Family 6 Model 60 Stepping 3, GenuineIntel



---------------  S Y S T E M  ---------------

OS: Windows 10.0 , 64 bit Build 19041 (10.0.19041.928)

CPU:total 4 (initial active 4) (4 cores per cpu, 1 threads per core) family 6 model 60 stepping 3, cmov, cx8, fxsr, mmx, sse, sse2, sse3, ssse3, sse4.1, sse4.2, popcnt, avx, avx2, aes, clmul, erms, lzcnt, tsc, tscinvbit, bmi1, bmi2

Memory: 4k page, physical 16610420k(7190104k free), swap 21066868k(7318652k free)

vm_info: OpenJDK 64-Bit Server VM (25.242-b01) for windows-amd64 JRE (1.8.0_242-release-1644-b01), built by "builder" with MS VC++ 10.0 (VS2010)

time: Mon Apr 26 09:47:46 2021
timezone: FLE Summer Time
elapsed time: 104 seconds (0d 0h 1m 44s)

